"EXPLAIN"
"-> Index lookup on addresses using multiaddr (street='Teststreet', city='Munich')  (cost=0.80 rows=3) (actual time=0.102..0.104 rows=3 loops=1)
"
