"EXPLAIN"
"-> Index range scan on users using salaryidx, with index condition: (users.salary > 12000)  (cost=1.61 rows=3) (actual time=0.036..0.039 rows=3 loops=1)
"
